GET -- /api/blog/list -- Mozilla/5.0 (Macintosh; Intel Mac OS X 10_14_3) AppleWebKit/537.36 (KHTML, like Gecko) Chrome/75.0.3770.100 Safari/537.36 -- 1562548946870
GET -- /api/blog/list -- PostmanRuntime/7.15.2 -- 1562548953587
GET -- /api/blog/list -- PostmanRuntime/7.15.2 -- 1562548961719
POST -- /api/user/login -- PostmanRuntime/7.15.2 -- 1562548966859
GET -- /api/blog/list -- PostmanRuntime/7.15.2 -- 1562548969822
GET -- /api/user/login -- Mozilla/5.0 (Macintosh; Intel Mac OS X 10_14_3) AppleWebKit/605.1.15 (KHTML, like Gecko) Version/12.0.3 Safari/605.1.15 -- 1562549062845
GET -- /favicon.ico -- Mozilla/5.0 (Macintosh; Intel Mac OS X 10_14_3) AppleWebKit/605.1.15 (KHTML, like Gecko) Version/12.0.3 Safari/605.1.15 -- 1562549062887
GET -- /api/blog/list -- Mozilla/5.0 (Macintosh; Intel Mac OS X 10_14_3) AppleWebKit/537.36 (KHTML, like Gecko) Chrome/75.0.3770.100 Safari/537.36 -- 1562549066879
GET -- /api/user/login -- Mozilla/5.0 (Macintosh; Intel Mac OS X 10_14_3) AppleWebKit/605.1.15 (KHTML, like Gecko) Version/12.0.3 Safari/605.1.15 -- 1562549068341
GET -- /api/blog/list -- Mozilla/5.0 (Macintosh; Intel Mac OS X 10_14_3) AppleWebKit/605.1.15 (KHTML, like Gecko) Version/12.0.3 Safari/605.1.15 -- 1562549084111
GET -- /api/blog/list -- Mozilla/5.0 (Macintosh; Intel Mac OS X 10_14_3) AppleWebKit/537.36 (KHTML, like Gecko) Chrome/75.0.3770.100 Safari/537.36 -- 1562549340948
GET -- /api/blog/list -- Mozilla/5.0 (Macintosh; Intel Mac OS X 10_14_3) AppleWebKit/537.36 (KHTML, like Gecko) Chrome/75.0.3770.100 Safari/537.36 -- 1562549349328
GET -- /api/blog/list -- Mozilla/5.0 (Macintosh; Intel Mac OS X 10_14_3) AppleWebKit/537.36 (KHTML, like Gecko) Chrome/75.0.3770.100 Safari/537.36 -- 1562559205277
GET -- /api/blog/list -- Mozilla/5.0 (Macintosh; Intel Mac OS X 10_14_3) AppleWebKit/537.36 (KHTML, like Gecko) Chrome/75.0.3770.100 Safari/537.36 -- 1562559223358
POST -- /api/user/login -- PostmanRuntime/7.15.2 -- 1562559242891
POST -- /api/user/login -- PostmanRuntime/7.15.2 -- 1562559260059
GET -- /api/blog/list -- PostmanRuntime/7.15.2 -- 1562559268811
POST -- /api/user/login -- PostmanRuntime/7.15.2 -- 1562559282499
GET -- /api/blog/list -- Mozilla/5.0 (Macintosh; Intel Mac OS X 10_14_3) AppleWebKit/537.36 (KHTML, like Gecko) Chrome/75.0.3770.100 Safari/537.36 -- 1562565992245
POST -- /api/user/login -- PostmanRuntime/7.15.2 -- 1562566028293
POST -- /api/user/login -- PostmanRuntime/7.15.2 -- 1562566029738
POST -- /api/user/login -- PostmanRuntime/7.15.2 -- 1562566060173
GET -- /api/blog/list -- PostmanRuntime/7.15.2 -- 1562566064116
GET -- /api/blog/list -- Mozilla/5.0 (Macintosh; Intel Mac OS X 10_14_3) AppleWebKit/537.36 (KHTML, like Gecko) Chrome/75.0.3770.100 Safari/537.36 -- 1562566070027
